<?xml version="1.0" encoding="UTF-8"?>
<!-- Generated by org.testng.reporters.JUnitReportReporter -->
<testsuite hostname="LAPTOP-2TM9FMIV" failures="0" tests="1" name="TestRunner.CucumberTestRunner" time="52.045" errors="0" timestamp="2023-12-20T01:43:36 IST" skipped="0">
  <testcase classname="TestRunner.CucumberTestRunner" name="runScenario" time="52.045"/>
  <system-out/>
</testsuite> <!-- TestRunner.CucumberTestRunner -->
